{"meta": {"version": "7.3.4", "timestamp": "2025-11-05T07:44:56.547441", "branch_coverage": false, "show_contexts": false}, "files": {"AJAX_ANALYTICS_ENDPOINT.py": {"executed_lines": [], "summary": {"covered_lines": 0, "num_statements": 48, "percent_covered": 0.0, "percent_covered_display": "0", "missing_lines": 48, "excluded_lines": 0}, "missing_lines": [8, 9, 10, 15, 16, 18, 21, 23, 24, 25, 26, 27, 29, 32, 40, 41, 42, 44, 45, 46, 47, 48, 49, 50, 51, 52, 55, 62, 65, 66, 69, 70, 72, 73, 74, 81, 82, 83, 85, 86, 88, 90, 91, 94, 97, 98, 99, 101], "excluded_lines": []}, "add_dark_theme_css.py": {"executed_lines": [], "summary": {"covered_lines": 0, "num_statements": 33, "percent_covered": 0.0, "percent_covered_display": "0", "missing_lines": 33, "excluded_lines": 0}, "missing_lines": [2, 5, 6, 9, 20, 77, 79, 80, 81, 83, 84, 87, 88, 89, 92, 93, 95, 96, 97, 98, 100, 101, 103, 104, 105, 107, 108, 109, 110, 112, 113, 115, 116], "excluded_lines": []}, "ai_security.py": {"executed_lines": [1, 6, 7, 8, 9, 10, 11, 13, 14, 23, 24, 25, 26, 27, 28, 29, 30, 32, 34, 45, 58, 63, 74, 128, 197, 203, 204, 207, 214, 256, 316, 319, 323, 326], "summary": {"covered_lines": 32, "num_statements": 162, "percent_covered": 19.753086419753085, "percent_covered_display": "20", "missing_lines": 130, "excluded_lines": 0}, "missing_lines": [35, 36, 37, 38, 39, 40, 41, 42, 43, 47, 48, 49, 54, 55, 56, 64, 67, 68, 71, 72, 79, 80, 83, 84, 87, 88, 90, 91, 94, 95, 96, 97, 98, 99, 102, 103, 104, 105, 108, 110, 111, 112, 115, 116, 117, 118, 119, 122, 123, 124, 126, 134, 135, 137, 138, 141, 144, 145, 146, 147, 150, 151, 152, 153, 156, 157, 158, 159, 162, 163, 164, 165, 168, 169, 170, 171, 172, 173, 175, 176, 177, 180, 181, 182, 183, 184, 185, 186, 187, 188, 190, 191, 193, 195, 217, 220, 221, 224, 229, 230, 231, 232, 234, 235, 236, 238, 239, 241, 254, 260, 262, 263, 270, 271, 274, 275, 278, 279, 283, 286, 287, 290, 291, 292, 295, 296, 297, 299, 301, 330], "excluded_lines": []}, "app.py": {"executed_lines": [1, 2, 3, 4, 5, 6, 7, 8, 9, 10, 11, 12, 13, 14, 15, 16, 17, 18, 19, 20, 21, 22, 23, 24, 25, 26, 27, 28, 31, 45, 46, 47, 48, 54, 66, 108, 135, 144, 146, 148, 149, 195, 198, 201, 204, 205, 206, 209, 212, 213, 214, 215, 218, 219, 234, 235, 236, 237, 238, 252, 271, 272, 321, 322, 341, 342, 352, 353, 358, 359, 373, 374, 389, 411, 412, 413, 414, 417, 418, 419, 420, 421, 445, 447, 450, 451, 452, 453, 454, 459, 461, 462, 474, 477, 486, 487, 489, 490, 492, 493, 495, 504, 505, 507, 509, 510, 511, 512, 527, 528, 529, 530, 531, 536, 546, 549, 550, 552, 553, 554, 555, 565, 566, 567, 568, 569, 570, 573, 577, 579, 582, 583, 586, 589, 590, 591, 592, 593, 594, 597, 628, 635, 636, 637, 640, 709, 722, 772, 784, 800, 850, 870, 881, 892, 900, 901, 902, 903, 904, 906, 945, 946, 981, 1049, 1136, 1268, 1415, 1589, 1664, 1665, 1669, 1670, 1671, 1673, 1674, 1675, 1676, 1677, 1679, 1680, 1681, 1682, 1683, 1696, 1697, 1701, 1702, 1705, 1706, 1709, 1710, 1713, 1714, 1752, 1753, 1754, 1802, 1803, 1804, 1812, 1813, 1814, 1854, 1855, 1856, 1869, 1870, 1871, 1898, 1899, 1900, 1933, 1934, 1935, 1966, 1967, 1968, 2039, 2040, 2041, 2071, 2072, 2073, 2143, 2144, 2145, 2192, 2193, 2194, 2221, 2222, 2223, 2251, 2252, 2253, 2321, 2322, 2323, 2401, 2402, 2403, 2481, 2482, 2483, 2560, 2561, 2562, 2639, 2640, 2641, 2718, 2719, 2720, 2800, 2801, 2802, 2870, 2871, 2872, 2907, 2908, 2909, 2935, 2936, 2937, 2956, 2957, 2958, 3038, 3039, 3040, 3120, 3121, 3122, 3210, 3211, 3212, 3341, 3342, 3343, 3393, 3394, 3395, 3438, 3439, 3440, 3488, 3489, 3490, 3585, 3586, 3587, 3619, 3620, 3621, 3632, 3633, 3634, 3665, 3666, 3667, 3701, 3702, 3703, 3742, 3743, 3744, 3781, 3782, 3783, 3784, 3820, 3821, 3822, 3836, 3837, 3838, 3856, 3857, 3858, 3884, 3885, 3886, 3922, 3923, 3924, 3925, 3971, 3972, 3973, 3974, 4041, 4042, 4043, 4044, 4163, 4164, 4165, 4166, 4244, 4258, 4259, 4260, 4285, 4286, 4287, 4569, 4570, 4571, 4581, 4582, 4583, 4593, 4594, 4595, 4601, 4602, 4603, 4609, 4610, 4611, 4634, 4635, 4636, 4650, 4651, 4652, 4795, 4796, 4797, 4826, 4827, 4828, 4833, 4834, 4835, 4849, 4850, 4851, 4880, 4881, 4882, 4888, 4889, 4890, 4920, 4921, 4922, 4947, 4948, 4949, 5790, 5791, 5792, 5842, 5843, 5844, 5861, 5862, 5863, 5887, 5888, 5894, 5895, 5896, 5906, 5907, 5908, 5918, 5919, 5920, 6000, 6001, 6002, 6081, 6082, 6083, 6164, 6165, 6166, 6236, 6237, 6238, 6324, 6325, 6326, 6377, 6378, 6379, 6385, 6386, 6387, 6425, 6426, 6427, 6433, 6434, 6435, 6507, 6508, 6509, 6549, 6550, 6551, 6585, 6586, 6587, 6618, 6619, 6620, 6649, 6650, 6651, 6733, 6734, 6735, 6801, 6802, 6803, 6818, 6819, 6820, 6840, 6841, 6842, 6883, 6884, 6885, 6909, 6910, 6911, 6933, 6934, 6935, 7042, 7043, 7044, 7071, 7072, 7073, 7103, 7104, 7105, 7150, 7151, 7293, 7294, 7338, 7339, 7351, 7352, 7353, 7368, 7369, 7398, 7400, 7494, 7628, 7695, 7707, 7709, 7726, 7773, 7774, 7779, 7780, 7817, 7818, 7832], "summary": {"covered_lines": 509, "num_statements": 3925, "percent_covered": 12.968152866242038, "percent_covered_display": "13", "missing_lines": 3416, "excluded_lines": 0}, "missing_lines": [33, 34, 36, 37, 38, 39, 41, 42, 43, 44, 57, 59, 60, 61, 64, 68, 70, 71, 72, 75, 76, 78, 79, 82, 83, 86, 87, 88, 91, 92, 93, 94, 96, 97, 100, 101, 103, 104, 106, 110, 111, 113, 114, 116, 117, 118, 119, 122, 123, 124, 126, 128, 130, 132, 133, 137, 138, 139, 140, 141, 142, 150, 151, 153, 154, 157, 158, 165, 192, 193, 221, 222, 223, 224, 227, 228, 229, 231, 257, 258, 259, 264, 265, 266, 267, 268, 274, 275, 281, 282, 283, 284, 285, 286, 288, 290, 291, 293, 294, 295, 296, 297, 300, 310, 311, 316, 317, 318, 319, 328, 329, 330, 331, 333, 334, 335, 336, 338, 339, 344, 345, 346, 347, 348, 349, 350, 355, 356, 361, 362, 363, 364, 365, 367, 376, 377, 378, 379, 380, 382, 391, 392, 393, 394, 395, 396, 397, 398, 401, 403, 404, 405, 406, 407, 408, 422, 424, 425, 426, 427, 428, 429, 430, 431, 432, 433, 434, 435, 436, 437, 438, 440, 441, 442, 455, 456, 463, 464, 465, 467, 468, 469, 470, 471, 472, 496, 497, 498, 499, 500, 501, 514, 515, 516, 517, 518, 519, 520, 522, 523, 524, 532, 533, 534, 538, 539, 540, 542, 544, 556, 557, 558, 559, 561, 562, 601, 604, 607, 608, 609, 610, 611, 614, 615, 616, 617, 618, 621, 622, 623, 624, 625, 626, 630, 631, 632, 644, 645, 646, 647, 650, 651, 654, 655, 656, 659, 665, 667, 668, 669, 670, 671, 674, 675, 679, 681, 682, 683, 684, 685, 687, 688, 690, 691, 692, 693, 694, 695, 696, 698, 699, 701, 702, 703, 704, 705, 706, 707, 714, 715, 716, 717, 718, 720, 726, 727, 728, 729, 730, 732, 733, 734, 735, 736, 738, 739, 741, 743, 744, 746, 747, 748, 749, 752, 753, 754, 755, 756, 759, 760, 761, 762, 763, 765, 767, 768, 769, 770, 775, 777, 778, 779, 780, 781, 786, 787, 788, 789, 790, 791, 792, 793, 794, 796, 797, 798, 805, 806, 807, 808, 810, 811, 812, 813, 815, 818, 821, 823, 824, 826, 827, 828, 831, 832, 833, 834, 837, 838, 839, 840, 841, 843, 844, 845, 848, 854, 857, 860, 861, 862, 863, 864, 865, 867, 872, 873, 874, 875, 876, 877, 879, 883, 884, 885, 886, 887, 888, 890, 894, 895, 896, 897, 898, 908, 911, 912, 913, 914, 915, 918, 919, 920, 921, 923, 926, 927, 929, 931, 933, 954, 955, 958, 966, 972, 973, 976, 978, 982, 983, 984, 987, 988, 989, 990, 991, 994, 995, 996, 997, 998, 1002, 1003, 1006, 1007, 1008, 1009, 1010, 1011, 1012, 1013, 1014, 1015, 1017, 1020, 1021, 1024, 1025, 1027, 1028, 1029, 1031, 1032, 1033, 1034, 1035, 1037, 1038, 1039, 1040, 1041, 1042, 1043, 1058, 1059, 1061, 1062, 1065, 1066, 1068, 1069, 1070, 1071, 1073, 1074, 1077, 1078, 1079, 1086, 1087, 1089, 1092, 1100, 1101, 1102, 1107, 1108, 1115, 1116, 1118, 1120, 1130, 1131, 1132, 1133, 1138, 1139, 1141, 1144, 1145, 1146, 1147, 1148, 1150, 1151, 1152, 1153, 1154, 1157, 1158, 1161, 1164, 1165, 1166, 1169, 1170, 1171, 1172, 1173, 1175, 1176, 1177, 1178, 1179, 1181, 1182, 1185, 1186, 1188, 1190, 1193, 1194, 1195, 1196, 1198, 1199, 1200, 1201, 1204, 1205, 1207, 1208, 1209, 1210, 1211, 1213, 1214, 1217, 1219, 1220, 1221, 1222, 1223, 1224, 1227, 1228, 1229, 1230, 1231, 1232, 1235, 1236, 1237, 1238, 1239, 1240, 1242, 1244, 1245, 1246, 1247, 1250, 1251, 1252, 1253, 1254, 1257, 1260, 1262, 1263, 1264, 1266, 1270, 1271, 1272, 1273, 1274, 1275, 1276, 1279, 1280, 1281, 1284, 1286, 1287, 1290, 1291, 1292, 1293, 1294, 1297, 1298, 1299, 1300, 1303, 1304, 1305, 1308, 1310, 1311, 1313, 1315, 1317, 1318, 1321, 1324, 1327, 1328, 1330, 1331, 1332, 1333, 1334, 1335, 1336, 1337, 1340, 1341, 1344, 1346, 1347, 1348, 1349, 1350, 1351, 1352, 1355, 1358, 1360, 1363, 1364, 1366, 1367, 1368, 1375, 1376, 1378, 1380, 1386, 1387, 1389, 1393, 1395, 1396, 1399, 1402, 1403, 1404, 1406, 1408, 1409, 1411, 1413, 1416, 1417, 1421, 1424, 1425, 1426, 1427, 1429, 1431, 1434, 1435, 1436, 1437, 1438, 1441, 1442, 1445, 1446, 1447, 1448, 1449, 1450, 1453, 1454, 1455, 1458, 1459, 1460, 1461, 1462, 1464, 1467, 1468, 1469, 1475, 1476, 1477, 1479, 1481, 1482, 1483, 1484, 1486, 1487, 1488, 1489, 1491, 1492, 1494, 1497, 1498, 1499, 1500, 1506, 1507, 1509, 1512, 1513, 1516, 1517, 1523, 1524, 1525, 1526, 1529, 1533, 1535, 1536, 1539, 1542, 1543, 1544, 1545, 1548, 1549, 1552, 1553, 1568, 1569, 1570, 1571, 1572, 1573, 1574, 1577, 1578, 1580, 1581, 1583, 1584, 1585, 1586, 1587, 1590, 1591, 1593, 1594, 1595, 1596, 1597, 1599, 1600, 1601, 1603, 1604, 1605, 1607, 1608, 1610, 1612, 1613, 1614, 1615, 1617, 1637, 1639, 1640, 1641, 1643, 1644, 1646, 1647, 1648, 1649, 1651, 1653, 1654, 1655, 1656, 1657, 1658, 1659, 1660, 1661, 1666, 1698, 1703, 1707, 1711, 1715, 1716, 1718, 1719, 1720, 1721, 1723, 1724, 1725, 1728, 1729, 1730, 1731, 1732, 1734, 1735, 1736, 1739, 1740, 1743, 1744, 1745, 1746, 1748, 1749, 1750, 1756, 1757, 1759, 1760, 1761, 1762, 1765, 1766, 1767, 1770, 1771, 1772, 1774, 1775, 1776, 1778, 1779, 1780, 1783, 1784, 1785, 1786, 1789, 1790, 1796, 1797, 1799, 1805, 1806, 1816, 1819, 1822, 1824, 1827, 1828, 1829, 1830, 1836, 1840, 1841, 1842, 1843, 1845, 1858, 1860, 1861, 1863, 1865, 1873, 1875, 1878, 1884, 1885, 1886, 1888, 1889, 1891, 1902, 1903, 1904, 1906, 1908, 1909, 1910, 1921, 1922, 1924, 1925, 1927, 1928, 1929, 1931, 1937, 1938, 1939, 1941, 1943, 1945, 1946, 1947, 1948, 1949, 1950, 1951, 1952, 1953, 1955, 1957, 1958, 1960, 1961, 1962, 1964, 1970, 1971, 1972, 1974, 1976, 1977, 1979, 1980, 1981, 1982, 1984, 1985, 1988, 1989, 1992, 1993, 1995, 2004, 2005, 2008, 2017, 2018, 2020, 2021, 2023, 2024, 2025, 2028, 2034, 2043, 2044, 2045, 2047, 2049, 2050, 2052, 2053, 2054, 2055, 2060, 2061, 2063, 2064, 2066, 2075, 2076, 2077, 2079, 2080, 2083, 2084, 2087, 2088, 2089, 2097, 2098, 2103, 2104, 2109, 2110, 2112, 2114, 2119, 2121, 2124, 2125, 2130, 2147, 2150, 2153, 2156, 2157, 2158, 2159, 2160, 2164, 2165, 2166, 2167, 2168, 2169, 2170, 2171, 2172, 2175, 2178, 2180, 2196, 2199, 2200, 2203, 2206, 2207, 2208, 2209, 2212, 2214, 2225, 2227, 2230, 2232, 2234, 2236, 2239, 2241, 2255, 2256, 2258, 2260, 2261, 2262, 2263, 2264, 2265, 2266, 2267, 2268, 2271, 2272, 2273, 2276, 2277, 2278, 2281, 2284, 2299, 2300, 2303, 2309, 2310, 2312, 2313, 2314, 2315, 2317, 2325, 2327, 2328, 2329, 2331, 2333, 2334, 2335, 2337, 2338, 2340, 2341, 2342, 2343, 2346, 2347, 2348, 2351, 2352, 2353, 2356, 2357, 2358, 2360, 2368, 2369, 2372, 2373, 2374, 2375, 2376, 2377, 2379, 2382, 2388, 2389, 2391, 2392, 2393, 2394, 2396, 2405, 2407, 2410, 2411, 2412, 2414, 2415, 2416, 2418, 2419, 2420, 2421, 2422, 2423, 2425, 2426, 2427, 2429, 2430, 2431, 2433, 2434, 2435, 2437, 2445, 2446, 2448, 2449, 2450, 2451, 2452, 2454, 2456, 2457, 2459, 2461, 2467, 2468, 2470, 2471, 2472, 2473, 2475, 2485, 2487, 2489, 2490, 2491, 2493, 2494, 2495, 2497, 2498, 2499, 2500, 2501, 2502, 2504, 2505, 2506, 2508, 2509, 2510, 2512, 2513, 2514, 2516, 2524, 2525, 2527, 2528, 2529, 2530, 2531, 2533, 2535, 2536, 2538, 2540, 2546, 2547, 2549, 2550, 2551, 2552, 2554, 2564, 2566, 2568, 2569, 2570, 2572, 2573, 2574, 2576, 2577, 2578, 2579, 2580, 2581, 2583, 2584, 2585, 2587, 2588, 2589, 2591, 2592, 2593, 2595, 2603, 2604, 2606, 2607, 2608, 2609, 2610, 2612, 2614, 2615, 2617, 2619, 2625, 2626, 2628, 2629, 2630, 2631, 2633, 2643, 2645, 2646, 2647, 2649, 2651, 2652, 2653, 2655, 2656, 2657, 2658, 2659, 2660, 2662, 2663, 2664, 2666, 2667, 2668, 2670, 2671, 2672, 2674, 2682, 2683, 2685, 2686, 2687, 2688, 2689, 2691, 2693, 2694, 2696, 2698, 2704, 2705, 2707, 2708, 2709, 2710, 2712, 2722, 2724, 2725, 2726, 2728, 2730, 2731, 2732, 2734, 2735, 2737, 2738, 2739, 2740, 2743, 2744, 2745, 2748, 2749, 2750, 2753, 2754, 2755, 2757, 2765, 2766, 2769, 2770, 2771, 2772, 2773, 2774, 2775, 2776, 2778, 2781, 2787, 2788, 2790, 2791, 2792, 2793, 2795, 2804, 2805, 2806, 2808, 2809, 2812, 2815, 2821, 2822, 2823, 2824, 2827, 2833, 2839, 2846, 2847, 2848, 2849, 2853, 2855, 2874, 2877, 2880, 2881, 2882, 2885, 2886, 2887, 2888, 2891, 2892, 2894, 2911, 2914, 2915, 2918, 2921, 2922, 2923, 2924, 2926, 2928, 2939, 2941, 2944, 2947, 2949, 2960, 2961, 2962, 2964, 2965, 2967, 2969, 2970, 2971, 2972, 2973, 2976, 2977, 2978, 2981, 2982, 2983, 2984, 2987, 2988, 2991, 2994, 2995, 2998, 3016, 3017, 3020, 3026, 3027, 3029, 3030, 3031, 3032, 3034, 3042, 3044, 3045, 3046, 3048, 3050, 3051, 3052, 3054, 3055, 3057, 3058, 3059, 3060, 3061, 3064, 3065, 3066, 3069, 3070, 3071, 3074, 3075, 3076, 3078, 3086, 3087, 3090, 3091, 3092, 3093, 3094, 3095, 3096, 3098, 3101, 3107, 3108, 3110, 3111, 3112, 3113, 3115, 3124, 3126, 3127, 3128, 3130, 3132, 3133, 3134, 3136, 3137, 3138, 3140, 3141, 3143, 3144, 3145, 3146, 3149, 3150, 3151, 3154, 3155, 3156, 3159, 3160, 3161, 3163, 3171, 3172, 3175, 3176, 3177, 3178, 3179, 3182, 3183, 3184, 3185, 3186, 3188, 3191, 3197, 3198, 3200, 3201, 3202, 3203, 3205, 3214, 3215, 3216, 3218, 3219, 3220, 3223, 3224, 3225, 3226, 3228, 3231, 3232, 3235, 3243, 3244, 3261, 3262, 3263, 3264, 3267, 3270, 3271, 3272, 3273, 3274, 3276, 3277, 3280, 3281, 3282, 3283, 3284, 3285, 3287, 3288, 3289, 3290, 3291, 3292, 3294, 3295, 3296, 3297, 3298, 3299, 3302, 3303, 3306, 3308, 3345, 3346, 3347, 3350, 3351, 3359, 3360, 3368, 3375, 3378, 3385, 3397, 3398, 3399, 3402, 3403, 3411, 3412, 3420, 3423, 3430, 3442, 3443, 3444, 3447, 3448, 3456, 3457, 3465, 3468, 3475, 3492, 3493, 3494, 3495, 3497, 3498, 3500, 3502, 3503, 3505, 3506, 3507, 3510, 3511, 3514, 3515, 3518, 3519, 3522, 3523, 3524, 3525, 3528, 3529, 3532, 3533, 3534, 3535, 3538, 3541, 3542, 3545, 3560, 3561, 3564, 3565, 3570, 3571, 3573, 3579, 3580, 3581, 3582, 3589, 3592, 3595, 3596, 3597, 3600, 3601, 3602, 3605, 3606, 3607, 3608, 3610, 3623, 3625, 3627, 3636, 3637, 3638, 3640, 3643, 3644, 3645, 3648, 3649, 3654, 3655, 3657, 3669, 3670, 3672, 3673, 3675, 3678, 3679, 3680, 3682, 3685, 3686, 3691, 3692, 3694, 3705, 3706, 3708, 3709, 3711, 3714, 3715, 3718, 3719, 3720, 3721, 3723, 3726, 3727, 3732, 3733, 3735, 3746, 3747, 3749, 3752, 3753, 3756, 3757, 3759, 3762, 3763, 3768, 3769, 3771, 3786, 3789, 3790, 3791, 3794, 3795, 3796, 3797, 3800, 3801, 3804, 3807, 3824, 3825, 3826, 3830, 3831, 3840, 3841, 3842, 3843, 3845, 3850, 3851, 3860, 3861, 3863, 3866, 3867, 3868, 3871, 3872, 3873, 3876, 3887, 3888, 3891, 3892, 3893, 3895, 3896, 3898, 3899, 3900, 3902, 3903, 3904, 3905, 3907, 3910, 3911, 3912, 3914, 3915, 3917, 3918, 3920, 3926, 3927, 3929, 3930, 3931, 3934, 3935, 3936, 3937, 3939, 3940, 3941, 3942, 3943, 3944, 3947, 3948, 3951, 3952, 3953, 3954, 3955, 3958, 3960, 3975, 3976, 3977, 3979, 3982, 3983, 3984, 3987, 3988, 3990, 3991, 3994, 3995, 3996, 3999, 4002, 4003, 4004, 4005, 4006, 4007, 4008, 4010, 4012, 4013, 4014, 4015, 4017, 4019, 4024, 4026, 4027, 4029, 4030, 4031, 4032, 4033, 4036, 4037, 4039, 4045, 4046, 4047, 4048, 4051, 4054, 4055, 4056, 4057, 4058, 4059, 4061, 4062, 4063, 4065, 4066, 4067, 4071, 4072, 4075, 4078, 4079, 4081, 4082, 4083, 4086, 4087, 4088, 4089, 4090, 4092, 4093, 4094, 4095, 4097, 4098, 4099, 4100, 4103, 4104, 4105, 4106, 4107, 4108, 4109, 4111, 4112, 4113, 4114, 4115, 4116, 4118, 4119, 4120, 4121, 4122, 4123, 4124, 4126, 4127, 4128, 4129, 4130, 4131, 4134, 4135, 4138, 4139, 4140, 4141, 4142, 4145, 4146, 4149, 4151, 4153, 4155, 4156, 4157, 4158, 4159, 4161, 4168, 4169, 4170, 4172, 4174, 4175, 4176, 4179, 4182, 4183, 4184, 4185, 4186, 4189, 4190, 4191, 4192, 4193, 4196, 4197, 4198, 4199, 4202, 4203, 4205, 4206, 4207, 4208, 4211, 4217, 4218, 4219, 4220, 4222, 4223, 4225, 4228, 4229, 4230, 4232, 4235, 4237, 4238, 4239, 4240, 4242, 4246, 4248, 4249, 4250, 4251, 4253, 4254, 4255, 4256, 4261, 4262, 4264, 4265, 4266, 4268, 4269, 4270, 4271, 4272, 4273, 4274, 4276, 4277, 4278, 4279, 4280, 4281, 4282, 4283, 4288, 4289, 4292, 4294, 4296, 4297, 4298, 4299, 4300, 4302, 4305, 4313, 4314, 4315, 4316, 4317, 4318, 4321, 4333, 4334, 4335, 4336, 4339, 4340, 4341, 4342, 4343, 4344, 4345, 4347, 4349, 4350, 4351, 4354, 4355, 4356, 4357, 4358, 4359, 4360, 4361, 4362, 4363, 4364, 4365, 4366, 4367, 4369, 4371, 4374, 4375, 4377, 4378, 4381, 4382, 4385, 4400, 4408, 4411, 4412, 4415, 4416, 4417, 4418, 4421, 4424, 4425, 4427, 4428, 4431, 4438, 4439, 4440, 4441, 4443, 4444, 4448, 4454, 4455, 4457, 4458, 4461, 4462, 4465, 4468, 4479, 4480, 4481, 4482, 4484, 4485, 4486, 4487, 4488, 4489, 4490, 4491, 4492, 4493, 4500, 4503, 4504, 4507, 4515, 4516, 4518, 4521, 4522, 4523, 4524, 4525, 4526, 4529, 4530, 4531, 4532, 4537, 4573, 4574, 4575, 4577, 4585, 4586, 4587, 4589, 4597, 4605, 4613, 4614, 4615, 4618, 4624, 4626, 4637, 4638, 4641, 4642, 4643, 4645, 4657, 4658, 4660, 4663, 4665, 4666, 4667, 4668, 4669, 4671, 4674, 4682, 4683, 4684, 4686, 4687, 4688, 4689, 4690, 4691, 4692, 4693, 4694, 4697, 4704, 4707, 4708, 4711, 4712, 4714, 4715, 4716, 4723, 4724, 4725, 4727, 4728, 4730, 4732, 4733, 4736, 4739, 4740, 4741, 4744, 4745, 4746, 4747, 4749, 4750, 4751, 4752, 4753, 4754, 4755, 4756, 4757, 4758, 4761, 4762, 4764, 4766, 4798, 4799, 4800, 4803, 4804, 4805, 4806, 4807, 4816, 4818, 4830, 4831, 4837, 4838, 4839, 4840, 4842, 4852, 4853, 4855, 4856, 4857, 4858, 4859, 4861, 4862, 4864, 4865, 4867, 4870, 4875, 4877, 4878, 4883, 4884, 4886, 4892, 4893, 4895, 4896, 4897, 4898, 4901, 4902, 4903, 4906, 4907, 4909, 4916, 4917, 4918, 4924, 4925, 4927, 4928, 4931, 4932, 4933, 4935, 4937, 4943, 4944, 4945, 4950, 4951, 4953, 4955, 4957, 4958, 4959, 4961, 4962, 4963, 4965, 4966, 4967, 4969, 4972, 4973, 4976, 4977, 4978, 4981, 4987, 4992, 4993, 4994, 4997, 4998, 4999, 5001, 5002, 5005, 5006, 5007, 5009, 5010, 5012, 5013, 5014, 5015, 5016, 5018, 5019, 5022, 5023, 5024, 5025, 5026, 5028, 5031, 5033, 5034, 5035, 5036, 5037, 5038, 5039, 5041, 5042, 5045, 5046, 5047, 5048, 5049, 5050, 5051, 5052, 5053, 5054, 5055, 5056, 5057, 5058, 5061, 5062, 5063, 5064, 5065, 5066, 5068, 5070, 5071, 5074, 5075, 5076, 5077, 5080, 5083, 5084, 5085, 5088, 5089, 5090, 5093, 5094, 5095, 5096, 5097, 5102, 5103, 5104, 5107, 5108, 5111, 5112, 5113, 5115, 5116, 5117, 5119, 5120, 5123, 5124, 5125, 5128, 5129, 5130, 5131, 5133, 5135, 5138, 5155, 5156, 5159, 5160, 5161, 5164, 5165, 5166, 5167, 5170, 5171, 5172, 5173, 5176, 5179, 5192, 5204, 5221, 5233, 5245, 5256, 5267, 5278, 5289, 5294, 5297, 5298, 5299, 5300, 5301, 5302, 5303, 5304, 5305, 5306, 5307, 5310, 5311, 5320, 5323, 5324, 5325, 5328, 5329, 5330, 5331, 5334, 5343, 5346, 5347, 5348, 5349, 5353, 5354, 5361, 5362, 5366, 5367, 5375, 5377, 5378, 5390, 5391, 5394, 5397, 5398, 5399, 5400, 5403, 5404, 5405, 5406, 5407, 5410, 5411, 5412, 5413, 5414, 5415, 5416, 5417, 5420, 5431, 5432, 5433, 5434, 5435, 5437, 5438, 5459, 5460, 5463, 5464, 5466, 5468, 5477, 5478, 5481, 5484, 5487, 5488, 5489, 5490, 5491, 5492, 5493, 5494, 5495, 5496, 5497, 5498, 5500, 5501, 5503, 5505, 5514, 5521, 5548, 5549, 5550, 5552, 5553, 5554, 5556, 5559, 5561, 5562, 5565, 5571, 5575, 5576, 5577, 5578, 5581, 5582, 5585, 5588, 5589, 5592, 5593, 5596, 5597, 5599, 5604, 5605, 5606, 5608, 5611, 5621, 5622, 5635, 5636, 5640, 5642, 5643, 5644, 5647, 5658, 5659, 5668, 5674, 5675, 5678, 5686, 5697, 5698, 5699, 5700, 5711, 5714, 5717, 5718, 5719, 5720, 5721, 5723, 5724, 5725, 5726, 5727, 5733, 5750, 5751, 5759, 5760, 5768, 5769, 5770, 5776, 5778, 5783, 5784, 5794, 5798, 5799, 5800, 5801, 5804, 5805, 5806, 5807, 5810, 5811, 5814, 5815, 5818, 5820, 5835, 5836, 5837, 5846, 5847, 5848, 5854, 5855, 5856, 5865, 5869, 5870, 5872, 5880, 5881, 5882, 5890, 5898, 5899, 5900, 5902, 5910, 5911, 5912, 5914, 5922, 5923, 5925, 5927, 5929, 5930, 5931, 5933, 5944, 5945, 5947, 5951, 5952, 5953, 5957, 5958, 5959, 5961, 5962, 5963, 5966, 5967, 5968, 5969, 5970, 5971, 5972, 5973, 5974, 5975, 5976, 5977, 5978, 5979, 5980, 5981, 5982, 5983, 5985, 5986, 5988, 5990, 5995, 5996, 5997, 5998, 6004, 6005, 6007, 6008, 6009, 6010, 6012, 6013, 6015, 6017, 6018, 6021, 6022, 6023, 6025, 6026, 6029, 6030, 6031, 6033, 6034, 6037, 6038, 6041, 6042, 6043, 6045, 6048, 6049, 6050, 6051, 6054, 6055, 6056, 6057, 6058, 6059, 6060, 6062, 6063, 6064, 6066, 6068, 6074, 6075, 6076, 6077, 6078, 6079, 6085, 6086, 6088, 6090, 6092, 6093, 6094, 6096, 6104, 6105, 6107, 6111, 6112, 6113, 6117, 6118, 6119, 6121, 6122, 6123, 6126, 6127, 6128, 6129, 6130, 6131, 6132, 6133, 6134, 6135, 6136, 6137, 6138, 6139, 6140, 6141, 6142, 6143, 6144, 6145, 6146, 6147, 6149, 6150, 6152, 6154, 6159, 6160, 6161, 6162, 6168, 6169, 6171, 6173, 6174, 6175, 6179, 6180, 6181, 6185, 6186, 6189, 6190, 6193, 6194, 6195, 6198, 6199, 6200, 6201, 6204, 6217, 6219, 6220, 6222, 6224, 6229, 6230, 6231, 6232, 6233, 6234, 6240, 6241, 6243, 6244, 6245, 6247, 6249, 6254, 6256, 6257, 6260, 6261, 6262, 6263, 6266, 6267, 6268, 6269, 6270, 6271, 6272, 6273, 6274, 6275, 6276, 6277, 6278, 6279, 6280, 6281, 6282, 6283, 6288, 6290, 6292, 6297, 6298, 6299, 6300, 6304, 6305, 6306, 6308, 6309, 6310, 6312, 6314, 6318, 6319, 6320, 6321, 6328, 6329, 6331, 6332, 6333, 6335, 6336, 6339, 6342, 6345, 6348, 6349, 6351, 6354, 6355, 6361, 6369, 6370, 6371, 6372, 6381, 6389, 6390, 6396, 6397, 6400, 6401, 6402, 6403, 6404, 6405, 6406, 6407, 6408, 6409, 6411, 6413, 6415, 6420, 6421, 6422, 6423, 6429, 6437, 6439, 6441, 6442, 6443, 6445, 6454, 6455, 6457, 6461, 6462, 6463, 6466, 6467, 6468, 6470, 6471, 6472, 6475, 6476, 6477, 6478, 6479, 6480, 6481, 6482, 6483, 6484, 6485, 6486, 6487, 6488, 6489, 6490, 6492, 6493, 6495, 6497, 6502, 6503, 6504, 6505, 6511, 6512, 6515, 6516, 6519, 6520, 6523, 6524, 6527, 6528, 6531, 6532, 6534, 6536, 6540, 6541, 6542, 6543, 6553, 6555, 6556, 6557, 6558, 6561, 6563, 6564, 6565, 6567, 6568, 6570, 6571, 6574, 6576, 6581, 6582, 6583, 6589, 6590, 6592, 6593, 6594, 6595, 6597, 6599, 6600, 6601, 6602, 6604, 6606, 6608, 6613, 6614, 6615, 6616, 6622, 6623, 6624, 6627, 6633, 6638, 6645, 6646, 6647, 6653, 6654, 6656, 6657, 6658, 6659, 6663, 6664, 6665, 6668, 6669, 6672, 6673, 6676, 6677, 6678, 6681, 6684, 6685, 6686, 6687, 6688, 6689, 6692, 6693, 6694, 6695, 6696, 6698, 6701, 6704, 6705, 6716, 6717, 6719, 6721, 6726, 6727, 6728, 6729, 6730, 6731, 6737, 6738, 6740, 6741, 6742, 6744, 6745, 6750, 6751, 6752, 6755, 6756, 6757, 6758, 6759, 6760, 6761, 6762, 6763, 6764, 6765, 6767, 6769, 6771, 6776, 6777, 6778, 6779, 6782, 6783, 6784, 6786, 6788, 6792, 6793, 6794, 6795, 6805, 6806, 6808, 6810, 6814, 6815, 6816, 6822, 6823, 6825, 6826, 6828, 6830, 6836, 6837, 6838, 6844, 6845, 6846, 6849, 6850, 6851, 6852, 6855, 6857, 6858, 6860, 6861, 6864, 6867, 6872, 6879, 6880, 6881, 6887, 6888, 6890, 6891, 6893, 6894, 6896, 6899, 6901, 6905, 6906, 6907, 6913, 6914, 6916, 6918, 6919, 6921, 6925, 6926, 6927, 6946, 6947, 6948, 6949, 6950, 6952, 6955, 6956, 6958, 6959, 6965, 6966, 6972, 6973, 6974, 6980, 6981, 6982, 6985, 6986, 6987, 6990, 7001, 7002, 7006, 7012, 7019, 7021, 7033, 7034, 7035, 7036, 7037, 7048, 7049, 7051, 7053, 7054, 7059, 7064, 7065, 7066, 7078, 7079, 7081, 7083, 7085, 7086, 7088, 7090, 7096, 7097, 7098, 7110, 7111, 7114, 7115, 7120, 7121, 7123, 7130, 7132, 7139, 7140, 7141, 7158, 7290, 7300, 7302, 7303, 7304, 7305, 7306, 7307, 7310, 7311, 7312, 7313, 7314, 7317, 7319, 7329, 7330, 7331, 7345, 7359, 7375, 7387, 7403, 7405, 7406, 7407, 7408, 7411, 7416, 7417, 7419, 7421, 7422, 7423, 7424, 7425, 7426, 7427, 7428, 7429, 7431, 7432, 7435, 7436, 7437, 7440, 7448, 7456, 7459, 7460, 7463, 7464, 7465, 7466, 7467, 7468, 7470, 7473, 7475, 7476, 7478, 7479, 7480, 7481, 7482, 7484, 7485, 7486, 7487, 7490, 7492, 7496, 7497, 7499, 7501, 7502, 7504, 7505, 7506, 7508, 7511, 7512, 7515, 7524, 7525, 7526, 7527, 7528, 7529, 7531, 7534, 7545, 7546, 7549, 7559, 7560, 7561, 7564, 7570, 7571, 7581, 7582, 7585, 7586, 7587, 7589, 7591, 7592, 7598, 7599, 7612, 7614, 7617, 7618, 7620, 7621, 7623, 7624, 7625, 7626, 7630, 7631, 7632, 7633, 7634, 7636, 7637, 7639, 7640, 7641, 7642, 7644, 7658, 7661, 7662, 7663, 7664, 7665, 7666, 7668, 7671, 7672, 7673, 7674, 7675, 7676, 7677, 7678, 7680, 7681, 7683, 7684, 7685, 7686, 7687, 7688, 7689, 7690, 7691, 7692, 7693, 7698, 7699, 7700, 7701, 7702, 7704, 7711, 7712, 7713, 7714, 7715, 7716, 7718, 7730, 7732, 7733, 7734, 7737, 7738, 7739, 7741, 7743, 7744, 7745, 7746, 7747, 7748, 7751, 7754, 7755, 7759, 7760, 7761, 7765, 7766, 7767, 7770, 7771, 7776, 7784, 7785, 7786, 7789, 7790, 7791, 7792, 7795, 7796, 7800, 7801, 7802, 7803, 7804, 7811, 7813, 7814, 7815, 7822, 7830, 7833, 7840, 7841, 7842, 7845, 7846, 7847, 7849, 7850, 7851, 7852, 7853, 7854, 7855, 7856, 7857, 7859, 7860, 7861, 7862, 7864, 7865, 7866, 7867, 7868, 7870, 7871, 7872, 7873, 7875, 7877, 7878, 7879, 7880, 7883, 7885, 7888, 7889, 7890, 7892, 7904, 7913, 7914, 7915, 7916, 7917, 7918, 7920], "excluded_lines": []}, "app_ending.py": {"executed_lines": [], "summary": {"covered_lines": 0, "num_statements": 0, "percent_covered": 100.0, "percent_covered_display": "100", "missing_lines": 0, "excluded_lines": 0}, "missing_lines": [], "excluded_lines": []}, "automated_validation.py": {"executed_lines": [], "summary": {"covered_lines": 0, "num_statements": 340, "percent_covered": 0.0, "percent_covered_display": "0", "missing_lines": 340, "excluded_lines": 0}, "missing_lines": [12, 13, 14, 15, 16, 17, 19, 22, 23, 24, 30, 32, 33, 35, 36, 37, 40, 41, 42, 44, 45, 47, 48, 50, 52, 53, 54, 55, 57, 58, 60, 62, 63, 64, 65, 67, 68, 69, 70, 71, 72, 74, 75, 77, 79, 80, 81, 83, 84, 87, 88, 90, 91, 93, 94, 95, 98, 99, 100, 102, 103, 105, 106, 108, 110, 111, 112, 121, 122, 124, 125, 126, 128, 130, 131, 132, 134, 135, 137, 138, 140, 142, 143, 144, 146, 147, 149, 150, 151, 153, 155, 156, 157, 159, 160, 162, 163, 169, 171, 172, 173, 175, 177, 178, 181, 182, 185, 186, 188, 189, 191, 192, 194, 196, 197, 198, 200, 202, 203, 206, 209, 210, 211, 212, 214, 215, 217, 218, 220, 221, 223, 225, 226, 227, 229, 230, 232, 233, 236, 237, 238, 239, 241, 242, 244, 245, 246, 248, 249, 251, 252, 254, 256, 257, 258, 259, 261, 262, 265, 266, 269, 270, 272, 273, 276, 279, 281, 282, 284, 285, 287, 289, 290, 292, 293, 295, 296, 298, 299, 302, 303, 305, 306, 308, 309, 315, 317, 318, 319, 321, 323, 324, 325, 328, 330, 331, 332, 334, 335, 337, 338, 340, 342, 343, 344, 346, 347, 350, 352, 353, 354, 356, 357, 359, 360, 362, 364, 365, 366, 367, 370, 373, 376, 378, 379, 381, 382, 384, 386, 387, 388, 390, 391, 393, 394, 397, 400, 402, 403, 404, 406, 407, 409, 410, 412, 414, 415, 416, 418, 419, 421, 423, 424, 425, 427, 428, 430, 431, 437, 439, 449, 451, 452, 453, 455, 463, 464, 465, 466, 467, 468, 470, 471, 472, 474, 476, 477, 478, 480, 488, 489, 490, 491, 492, 493, 495, 496, 497, 499, 501, 502, 503, 505, 513, 514, 515, 516, 517, 518, 520, 521, 522, 524, 526, 527, 528, 529, 530, 533, 534, 535, 538, 539, 540, 541, 542, 545, 546, 547, 548, 549, 550, 551, 553, 554, 555, 557, 558, 560, 562, 577, 579, 580, 583, 584, 585, 587, 589, 592, 593], "excluded_lines": []}, "blockchain_helper.py": {"executed_lines": [1, 6, 7, 8, 9, 10, 11, 14, 16, 24, 26, 27, 29, 32, 34, 37, 51, 53, 55, 58, 61, 62, 65, 77, 80, 81, 83, 86, 93, 95, 96, 128, 130, 132, 133, 166, 212, 217, 222], "summary": {"covered_lines": 38, "num_statements": 80, "percent_covered": 47.5, "percent_covered_display": "48", "missing_lines": 42, "excluded_lines": 0}, "missing_lines": [59, 98, 100, 102, 103, 104, 112, 113, 114, 115, 122, 123, 125, 139, 140, 142, 145, 146, 151, 153, 177, 179, 180, 181, 182, 184, 186, 188, 214, 219, 237, 239, 240, 242, 243, 245, 246, 248, 249, 251, 252, 254], "excluded_lines": []}, "blockchain_migration.py": {"executed_lines": [], "summary": {"covered_lines": 0, "num_statements": 82, "percent_covered": 0.0, "percent_covered_display": "0", "missing_lines": 82, "excluded_lines": 0}, "missing_lines": [2, 10, 11, 12, 13, 16, 18, 19, 20, 22, 24, 25, 28, 29, 30, 31, 34, 35, 36, 37, 38, 39, 42, 43, 44, 45, 46, 48, 49, 51, 53, 55, 56, 57, 58, 59, 62, 64, 65, 66, 68, 69, 71, 72, 73, 75, 81, 84, 85, 87, 88, 90, 93, 94, 96, 97, 99, 102, 104, 105, 107, 109, 110, 111, 113, 114, 115, 117, 118, 119, 120, 121, 122, 124, 125, 126, 128, 131, 132, 134, 135, 137], "excluded_lines": []}, "camera_helper.py": {"executed_lines": [1, 7, 8, 9, 10, 11, 12, 15, 16, 18, 19, 23, 62, 78, 113, 142, 211, 241, 252, 264, 279, 290, 329, 346, 348, 354, 358, 374], "summary": {"covered_lines": 26, "num_statements": 214, "percent_covered": 12.149532710280374, "percent_covered_display": "12", "missing_lines": 188, "excluded_lines": 0}, "missing_lines": [40, 41, 42, 43, 46, 47, 48, 49, 50, 51, 52, 53, 56, 59, 60, 64, 65, 66, 67, 68, 70, 71, 72, 73, 74, 76, 80, 81, 84, 86, 87, 88, 89, 90, 93, 94, 97, 98, 99, 100, 101, 103, 104, 105, 106, 108, 109, 110, 111, 115, 116, 119, 121, 124, 127, 128, 130, 131, 132, 134, 135, 136, 137, 138, 139, 140, 162, 163, 164, 166, 167, 168, 170, 172, 173, 174, 175, 178, 179, 180, 181, 183, 184, 186, 187, 190, 193, 195, 197, 207, 208, 209, 213, 217, 218, 219, 220, 221, 224, 226, 227, 228, 230, 233, 235, 237, 238, 239, 243, 245, 246, 248, 249, 250, 254, 255, 256, 257, 258, 259, 260, 261, 262, 266, 267, 269, 270, 271, 272, 273, 274, 276, 277, 281, 300, 301, 303, 305, 306, 307, 309, 310, 312, 313, 314, 315, 316, 317, 318, 320, 321, 323, 325, 326, 327, 331, 332, 333, 334, 335, 336, 337, 338, 339, 341, 342, 351, 352, 356, 369, 370, 371, 376, 377, 378, 381, 392, 394, 395, 396, 397, 399, 400, 401, 403, 404, 406, 407], "excluded_lines": []}, "check_email_config.py": {"executed_lines": [], "summary": {"covered_lines": 0, "num_statements": 22, "percent_covered": 0.0, "percent_covered_display": "0", "missing_lines": 22, "excluded_lines": 0}, "missing_lines": [2, 4, 6, 8, 9, 10, 13, 14, 16, 17, 18, 19, 20, 21, 22, 24, 25, 27, 29, 31, 33, 34], "excluded_lines": []}, "check_scheduled_reports.py": {"executed_lines": [], "summary": {"covered_lines": 0, "num_statements": 45, "percent_covered": 0.0, "percent_covered_display": "0", "missing_lines": 45, "excluded_lines": 0}, "missing_lines": [2, 4, 5, 6, 9, 11, 14, 15, 16, 18, 19, 20, 23, 30, 32, 33, 34, 36, 37, 39, 40, 43, 44, 45, 46, 47, 48, 49, 50, 51, 54, 55, 61, 63, 64, 65, 66, 67, 69, 71, 73, 74, 75, 77, 78], "excluded_lines": []}, "check_timer.py": {"executed_lines": [], "summary": {"covered_lines": 0, "num_statements": 15, "percent_covered": 0.0, "percent_covered_display": "0", "missing_lines": 15, "excluded_lines": 0}, "missing_lines": [2, 3, 5, 7, 8, 9, 10, 11, 13, 15, 16, 17, 18, 20, 21], "excluded_lines": []}, "comprehensive_test.py": {"executed_lines": [], "summary": {"covered_lines": 0, "num_statements": 83, "percent_covered": 0.0, "percent_covered_display": "0", "missing_lines": 83, "excluded_lines": 0}, "missing_lines": [2, 10, 11, 12, 13, 14, 17, 20, 22, 24, 25, 27, 28, 29, 30, 31, 32, 33, 35, 36, 37, 38, 39, 41, 43, 44, 46, 48, 51, 52, 53, 54, 57, 58, 60, 61, 62, 64, 65, 67, 68, 69, 71, 72, 74, 75, 76, 77, 78, 80, 82, 83, 85, 86, 88, 90, 91, 94, 95, 96, 98, 99, 101, 102, 104, 105, 106, 108, 110, 111, 114, 117, 120, 123, 124, 125, 126, 127, 129, 130, 132, 134, 135], "excluded_lines": []}, "config.py": {"executed_lines": [1, 2, 3, 4, 5, 6, 7, 8, 9, 12, 13, 14, 15, 16, 17, 18, 21], "summary": {"covered_lines": 16, "num_statements": 16, "percent_covered": 100.0, "percent_covered_display": "100", "missing_lines": 0, "excluded_lines": 0}, "missing_lines": [], "excluded_lines": []}, "conftest.py": {"executed_lines": [1, 7, 8, 9, 10, 11, 14, 17, 18, 25, 26, 27, 28, 31, 32, 35, 36, 37, 38, 39, 42, 44, 47, 50, 51, 52, 60, 61, 64, 65, 66, 74, 75, 78, 79, 80, 88, 89, 92, 105, 107, 108, 124, 125, 126, 136, 137, 138, 146, 149, 150, 151, 157, 159, 160, 165, 168, 169, 172, 173, 178, 179, 184, 185, 187, 188, 189, 192, 193, 203, 204, 214, 215, 225, 226, 238, 239, 279, 281, 284, 287, 290, 293], "summary": {"covered_lines": 82, "num_statements": 148, "percent_covered": 55.4054054054054, "percent_covered_display": "55", "missing_lines": 66, "excluded_lines": 0}, "missing_lines": [19, 21, 22, 23, 110, 111, 113, 114, 115, 116, 118, 119, 120, 121, 127, 129, 130, 131, 132, 133, 161, 162, 163, 175, 181, 195, 196, 200, 206, 207, 211, 217, 218, 222, 228, 233, 234, 235, 241, 242, 243, 244, 245, 246, 247, 248, 249, 251, 252, 253, 255, 256, 257, 259, 260, 261, 263, 264, 265, 267, 268, 269, 271, 272, 273, 275], "excluded_lines": []}, "create_tables.py": {"executed_lines": [], "summary": {"covered_lines": 0, "num_statements": 62, "percent_covered": 0.0, "percent_covered_display": "0", "missing_lines": 62, "excluded_lines": 0}, "missing_lines": [2, 5, 6, 7, 9, 11, 14, 15, 16, 18, 20, 21, 22, 23, 24, 27, 28, 44, 45, 48, 49, 63, 64, 67, 68, 76, 77, 80, 81, 89, 90, 93, 94, 95, 96, 99, 100, 101, 102, 103, 106, 107, 108, 109, 110, 113, 114, 115, 116, 118, 119, 120, 122, 123, 125, 126, 127, 128, 130, 132, 133, 134], "excluded_lines": []}, "create_test_report.py": {"executed_lines": [], "summary": {"covered_lines": 0, "num_statements": 32, "percent_covered": 0.0, "percent_covered_display": "0", "missing_lines": 32, "excluded_lines": 0}, "missing_lines": [2, 4, 5, 7, 9, 10, 11, 14, 15, 16, 17, 19, 20, 21, 24, 43, 44, 46, 47, 48, 49, 50, 51, 52, 53, 54, 55, 57, 59, 60, 61, 62], "excluded_lines": []}, "create_test_users.py": {"executed_lines": [], "summary": {"covered_lines": 0, "num_statements": 44, "percent_covered": 0.0, "percent_covered_display": "0", "missing_lines": 44, "excluded_lines": 0}, "missing_lines": [2, 5, 6, 7, 8, 10, 12, 13, 14, 16, 17, 20, 64, 65, 66, 68, 69, 70, 82, 83, 85, 96, 97, 99, 100, 102, 103, 104, 105, 106, 107, 108, 109, 110, 111, 112, 113, 114, 115, 116, 117, 118, 120, 121], "excluded_lines": []}, "debug_audio_status.py": {"executed_lines": [], "summary": {"covered_lines": 0, "num_statements": 30, "percent_covered": 0.0, "percent_covered_display": "0", "missing_lines": 30, "excluded_lines": 0}, "missing_lines": [2, 5, 6, 7, 10, 12, 14, 15, 17, 19, 20, 22, 23, 25, 26, 27, 29, 30, 31, 34, 35, 36, 39, 40, 42, 43, 44, 45, 47, 48], "excluded_lines": []}, "debug_timer.py": {"executed_lines": [], "summary": {"covered_lines": 0, "num_statements": 33, "percent_covered": 0.0, "percent_covered_display": "0", "missing_lines": 33, "excluded_lines": 0}, "missing_lines": [2, 5, 6, 7, 8, 9, 12, 14, 17, 18, 19, 21, 23, 24, 27, 28, 29, 31, 32, 33, 34, 37, 38, 41, 43, 44, 46, 47, 48, 49, 50, 52, 53], "excluded_lines": []}, "fix_database_schema.py": {"executed_lines": [], "summary": {"covered_lines": 0, "num_statements": 69, "percent_covered": 0.0, "percent_covered_display": "0", "missing_lines": 69, "excluded_lines": 0}, "missing_lines": [2, 8, 9, 10, 11, 12, 15, 17, 18, 19, 22, 24, 26, 27, 28, 30, 32, 33, 34, 35, 38, 39, 40, 41, 43, 45, 46, 47, 49, 52, 53, 54, 56, 57, 60, 61, 64, 65, 67, 68, 70, 71, 74, 75, 78, 81, 91, 92, 95, 104, 105, 108, 109, 111, 112, 113, 114, 115, 116, 117, 119, 121, 122, 123, 124, 125, 127, 128, 129], "excluded_lines": []}, "fix_white_backgrounds.py": {"executed_lines": [], "summary": {"covered_lines": 0, "num_statements": 36, "percent_covered": 0.0, "percent_covered_display": "0", "missing_lines": 36, "excluded_lines": 0}, "missing_lines": [2, 5, 6, 9, 30, 43, 45, 46, 47, 49, 50, 52, 53, 55, 56, 57, 58, 59, 61, 62, 63, 64, 65, 67, 68, 70, 71, 72, 74, 75, 76, 77, 79, 80, 82, 83], "excluded_lines": []}, "generate_license.py": {"executed_lines": [], "summary": {"covered_lines": 0, "num_statements": 61, "percent_covered": 0.0, "percent_covered_display": "0", "missing_lines": 61, "excluded_lines": 0}, "missing_lines": [2, 10, 11, 12, 15, 16, 18, 23, 27, 31, 34, 38, 43, 47, 51, 54, 55, 56, 58, 61, 62, 63, 64, 65, 68, 69, 70, 72, 73, 74, 76, 77, 78, 79, 80, 82, 83, 84, 86, 87, 88, 89, 90, 92, 93, 94, 97, 98, 99, 100, 103, 105, 107, 117, 118, 119, 120, 121, 122, 125, 126], "excluded_lines": []}, "gpio_reset.py": {"executed_lines": [], "summary": {"covered_lines": 0, "num_statements": 63, "percent_covered": 0.0, "percent_covered_display": "0", "missing_lines": 63, "excluded_lines": 0}, "missing_lines": [2, 7, 8, 9, 11, 13, 14, 15, 18, 21, 22, 23, 24, 25, 26, 27, 29, 31, 32, 33, 34, 35, 36, 37, 39, 41, 43, 44, 45, 46, 47, 48, 49, 50, 52, 54, 55, 56, 57, 58, 59, 61, 63, 64, 65, 66, 67, 68, 70, 71, 72, 73, 75, 76, 77, 78, 79, 80, 81, 82, 83, 84, 85], "excluded_lines": []}, "license_helper.py": {"executed_lines": [1, 5, 6, 7, 8, 11, 13, 17, 19, 29, 46, 63, 82, 116, 128, 144, 160, 196], "summary": {"covered_lines": 17, "num_statements": 82, "percent_covered": 20.73170731707317, "percent_covered_display": "21", "missing_lines": 65, "excluded_lines": 0}, "missing_lines": [14, 20, 21, 23, 24, 26, 31, 32, 33, 35, 36, 38, 40, 41, 43, 48, 49, 50, 52, 53, 55, 57, 58, 60, 65, 66, 67, 69, 70, 72, 79, 84, 85, 86, 91, 92, 94, 118, 119, 120, 121, 122, 123, 124, 125, 130, 131, 132, 133, 134, 138, 139, 140, 146, 153, 154, 156, 201, 204, 205, 208, 211, 228, 229, 231], "excluded_lines": []}, "license_migration.py": {"executed_lines": [], "summary": {"covered_lines": 0, "num_statements": 63, "percent_covered": 0.0, "percent_covered_display": "0", "missing_lines": 63, "excluded_lines": 0}, "missing_lines": [6, 7, 8, 9, 11, 13, 14, 15, 18, 19, 22, 23, 24, 25, 28, 29, 30, 33, 34, 35, 38, 39, 42, 43, 44, 46, 47, 63, 65, 66, 68, 69, 70, 71, 73, 75, 77, 78, 80, 81, 82, 83, 85, 86, 87, 89, 92, 94, 96, 97, 100, 101, 102, 103, 117, 118, 119, 120, 121, 122, 124, 127, 128], "excluded_lines": []}, "locustfile.py": {"executed_lines": [], "summary": {"covered_lines": 0, "num_statements": 137, "percent_covered": 0.0, "percent_covered_display": "0", "missing_lines": 137, "excluded_lines": 0}, "missing_lines": [11, 12, 13, 14, 17, 20, 22, 24, 26, 28, 33, 34, 36, 38, 39, 41, 42, 43, 45, 47, 48, 50, 51, 52, 53, 54, 55, 56, 58, 60, 61, 63, 64, 65, 67, 69, 70, 72, 73, 74, 76, 78, 79, 81, 82, 83, 85, 87, 88, 90, 91, 92, 94, 96, 97, 99, 100, 101, 103, 105, 106, 108, 109, 110, 112, 114, 115, 117, 118, 119, 121, 123, 124, 126, 134, 137, 138, 140, 143, 146, 148, 149, 151, 152, 153, 155, 157, 158, 160, 161, 162, 164, 166, 167, 169, 170, 171, 173, 176, 179, 181, 182, 184, 185, 186, 188, 190, 191, 193, 194, 195, 197, 199, 200, 202, 203, 204, 206, 209, 210, 212, 213, 214, 215, 216, 217, 220, 221, 223, 224, 225, 226, 227, 230, 231, 233, 234], "excluded_lines": []}, "manual_door_test.py": {"executed_lines": [], "summary": {"covered_lines": 0, "num_statements": 27, "percent_covered": 0.0, "percent_covered_display": "0", "missing_lines": 27, "excluded_lines": 0}, "missing_lines": [2, 3, 6, 8, 10, 11, 12, 13, 15, 16, 18, 20, 21, 24, 25, 26, 28, 29, 30, 32, 33, 34, 35, 37, 38, 40, 41], "excluded_lines": []}, "migrate_add_ai_metadata.py": {"executed_lines": [], "summary": {"covered_lines": 0, "num_statements": 16, "percent_covered": 0.0, "percent_covered_display": "0", "missing_lines": 16, "excluded_lines": 0}, "missing_lines": [5, 6, 8, 9, 11, 12, 14, 15, 16, 17, 18, 20, 22, 23, 24, 25], "excluded_lines": []}, "migrate_add_checklist.py": {"executed_lines": [], "summary": {"covered_lines": 0, "num_statements": 27, "percent_covered": 0.0, "percent_covered_display": "0", "missing_lines": 27, "excluded_lines": 0}, "missing_lines": [2, 7, 8, 10, 12, 13, 16, 19, 20, 21, 22, 24, 27, 79, 80, 81, 83, 84, 85, 86, 87, 88, 89, 90, 91, 93, 94], "excluded_lines": []}, "migrate_add_images.py": {"executed_lines": [], "summary": {"covered_lines": 0, "num_statements": 73, "percent_covered": 0.0, "percent_covered_display": "0", "missing_lines": 73, "excluded_lines": 0}, "missing_lines": [6, 7, 8, 10, 12, 13, 14, 15, 17, 18, 19, 21, 22, 23, 24, 26, 29, 30, 31, 33, 34, 36, 38, 39, 40, 41, 43, 44, 45, 47, 50, 51, 52, 56, 59, 60, 61, 65, 68, 69, 70, 74, 77, 79, 82, 83, 84, 86, 87, 88, 89, 92, 93, 98, 99, 101, 102, 103, 105, 107, 108, 109, 110, 111, 112, 114, 115, 117, 119, 120, 121, 123, 124], "excluded_lines": []}, "migrate_add_iq_fields.py": {"executed_lines": [], "summary": {"covered_lines": 0, "num_statements": 63, "percent_covered": 0.0, "percent_covered_display": "0", "missing_lines": 63, "excluded_lines": 0}, "missing_lines": [2, 7, 8, 10, 12, 14, 15, 16, 18, 19, 21, 23, 24, 25, 26, 29, 30, 31, 34, 55, 56, 57, 58, 59, 60, 62, 64, 65, 66, 69, 70, 71, 74, 80, 81, 82, 83, 85, 87, 88, 89, 90, 93, 95, 96, 97, 98, 99, 100, 102, 104, 105, 106, 107, 108, 109, 110, 111, 112, 113, 114, 115, 117], "excluded_lines": []}, "migrate_add_part11.py": {"executed_lines": [], "summary": {"covered_lines": 0, "num_statements": 110, "percent_covered": 0.0, "percent_covered_display": "0", "missing_lines": 110, "excluded_lines": 0}, "missing_lines": [2, 7, 8, 9, 12, 14, 15, 25, 28, 29, 31, 32, 33, 36, 37, 39, 48, 49, 50, 51, 52, 54, 55, 57, 58, 59, 60, 61, 62, 63, 64, 65, 68, 71, 73, 75, 76, 78, 79, 80, 81, 82, 84, 86, 88, 89, 90, 91, 94, 95, 96, 97, 99, 159, 160, 161, 163, 164, 165, 167, 169, 171, 172, 173, 174, 177, 178, 179, 180, 182, 304, 305, 306, 307, 308, 310, 311, 312, 314, 315, 316, 317, 318, 319, 320, 321, 322, 323, 324, 325, 327, 329, 330, 331, 332, 333, 334, 335, 336, 337, 338, 339, 340, 341, 343, 344, 345, 346, 348, 349], "excluded_lines": []}, "migrate_add_preferences.py": {"executed_lines": [], "summary": {"covered_lines": 0, "num_statements": 23, "percent_covered": 0.0, "percent_covered_display": "0", "missing_lines": 23, "excluded_lines": 0}, "missing_lines": [2, 5, 6, 9, 11, 12, 14, 16, 17, 18, 20, 22, 24, 25, 27, 28, 29, 30, 31, 33, 35, 36, 37], "excluded_lines": []}, "migrate_add_scheduled_time.py": {"executed_lines": [], "summary": {"covered_lines": 0, "num_statements": 64, "percent_covered": 0.0, "percent_covered_display": "0", "missing_lines": 64, "excluded_lines": 0}, "missing_lines": [2, 6, 7, 10, 12, 15, 16, 17, 19, 20, 21, 24, 25, 27, 28, 29, 30, 33, 34, 39, 42, 43, 45, 46, 49, 50, 51, 52, 55, 56, 57, 58, 59, 61, 62, 64, 65, 66, 68, 69, 70, 71, 72, 73, 75, 76, 77, 78, 79, 81, 83, 84, 85, 86, 87, 88, 89, 90, 91, 93, 94, 95, 96, 97], "excluded_lines": []}, "migrate_add_validation_documents.py": {"executed_lines": [], "summary": {"covered_lines": 0, "num_statements": 33, "percent_covered": 0.0, "percent_covered_display": "0", "missing_lines": 33, "excluded_lines": 0}, "missing_lines": [2, 7, 8, 9, 12, 14, 18, 19, 20, 22, 23, 25, 27, 29, 34, 35, 36, 39, 64, 65, 68, 69, 70, 71, 72, 74, 75, 76, 77, 80, 82, 84, 85], "excluded_lines": []}, "migrate_add_validation_fields.py": {"executed_lines": [], "summary": {"covered_lines": 0, "num_statements": 50, "percent_covered": 0.0, "percent_covered_display": "0", "missing_lines": 50, "excluded_lines": 0}, "missing_lines": [2, 10, 11, 13, 15, 17, 18, 19, 21, 22, 24, 26, 27, 28, 29, 32, 33, 34, 37, 47, 48, 49, 50, 51, 52, 54, 56, 57, 58, 61, 62, 63, 64, 65, 67, 69, 70, 71, 72, 75, 77, 78, 79, 80, 81, 82, 84, 86, 87, 89], "excluded_lines": []}, "migrate_database.py": {"executed_lines": [], "summary": {"covered_lines": 0, "num_statements": 116, "percent_covered": 0.0, "percent_covered_display": "0", "missing_lines": 116, "excluded_lines": 0}, "missing_lines": [2, 7, 8, 9, 10, 12, 14, 15, 16, 18, 20, 21, 23, 25, 26, 27, 28, 30, 31, 32, 35, 36, 37, 38, 41, 42, 54, 55, 56, 57, 58, 59, 60, 61, 62, 63, 64, 66, 68, 69, 71, 72, 75, 76, 77, 78, 79, 82, 93, 94, 95, 96, 97, 98, 100, 101, 104, 105, 106, 107, 108, 111, 117, 118, 119, 120, 121, 122, 124, 125, 128, 129, 130, 131, 132, 133, 134, 135, 136, 137, 138, 140, 141, 142, 144, 145, 146, 147, 148, 151, 152, 153, 154, 156, 157, 158, 159, 161, 163, 164, 165, 166, 167, 168, 169, 170, 171, 172, 174, 175, 176, 177, 178, 179, 180, 181], "excluded_lines": []}, "migrate_multi_level_approval.py": {"executed_lines": [], "summary": {"covered_lines": 0, "num_statements": 71, "percent_covered": 0.0, "percent_covered_display": "0", "missing_lines": 71, "excluded_lines": 0}, "missing_lines": [2, 5, 6, 8, 10, 12, 13, 16, 17, 18, 20, 21, 23, 25, 26, 27, 29, 30, 31, 32, 35, 36, 37, 38, 39, 40, 41, 43, 46, 47, 48, 49, 52, 53, 65, 66, 67, 68, 69, 70, 71, 73, 76, 79, 80, 82, 83, 84, 85, 86, 88, 90, 91, 93, 94, 95, 96, 97, 98, 99, 100, 101, 102, 103, 105, 106, 107, 108, 110, 112, 113], "excluded_lines": []}, "migrate_password_management.py": {"executed_lines": [], "summary": {"covered_lines": 0, "num_statements": 56, "percent_covered": 0.0, "percent_covered_display": "0", "missing_lines": 56, "excluded_lines": 0}, "missing_lines": [2, 5, 6, 8, 10, 11, 12, 14, 15, 17, 19, 20, 21, 22, 25, 26, 28, 31, 32, 33, 34, 37, 38, 39, 40, 43, 44, 45, 46, 49, 50, 51, 52, 54, 55, 56, 57, 59, 61, 62, 63, 64, 65, 66, 67, 68, 69, 70, 71, 73, 74, 75, 76, 78, 80, 81], "excluded_lines": []}, "models.py": {"executed_lines": [1, 2, 3, 4, 6, 8, 9, 10, 11, 12, 13, 16, 17, 18, 19, 20, 21, 22, 23, 24, 25, 28, 29, 30, 31, 33, 34, 35, 36, 37, 38, 40, 41, 43, 63, 64, 65, 66, 67, 68, 69, 70, 71, 72, 73, 74, 75, 76, 78, 94, 95, 96, 97, 98, 99, 100, 101, 102, 103, 104, 105, 107, 121, 122, 123, 124, 125, 127, 128, 129, 130, 131, 134, 135, 136, 139, 141, 154, 155, 156, 158, 159, 160, 161, 162, 165, 166, 167, 170, 171, 172, 174, 188, 190, 191, 193, 203, 204, 206, 207, 208, 209, 210, 211, 212, 213, 214, 215, 216, 217, 218, 221, 223, 238, 239, 240, 241, 242, 243, 245, 246, 247, 248, 249, 250, 251, 252, 253, 254, 255, 256, 259, 261, 275, 276, 277, 278, 279, 280, 281, 282, 283, 284, 285, 286, 287, 288, 291, 293, 309, 310, 311, 312, 313, 316, 317, 320, 321, 322, 323, 326, 327, 328, 331, 332, 333, 336, 337, 340, 341, 342, 344, 361, 373, 394, 395, 399, 401, 402, 403, 404, 405, 406, 407, 408, 409, 412, 414, 417, 433, 434, 438, 440, 441, 442, 443, 444, 445, 446, 447, 448, 449, 450, 453, 455, 458, 471, 472, 476, 478, 479, 480, 481, 482, 483, 484, 485, 486, 489, 490, 491, 493, 496, 502, 518, 519, 523, 525, 526, 527, 528, 529, 530, 533, 534, 537, 542, 543, 544, 547, 548, 549, 552, 553, 554, 557, 558, 559, 562, 563, 564, 567, 568, 571, 572, 573, 576, 577, 578, 579, 580, 581, 582, 583, 584, 585, 586, 588, 591, 610, 611, 615, 617, 618, 619, 620, 621, 622, 623, 624, 626, 629, 641, 642, 646, 648, 649, 650, 651, 652, 653, 654, 657, 658, 661, 662, 663, 666, 667, 670, 673, 674, 675, 677, 680, 696, 697, 701, 703, 704, 705, 706, 707, 710, 711, 712, 715, 716, 719, 720, 721, 722, 723, 726, 727, 728, 731, 732, 733, 736, 737, 738, 741, 742, 743, 744, 746, 749, 764, 765, 769, 771, 772, 773, 774, 775, 776, 779, 780, 781, 784, 785, 788, 789, 790, 791, 792, 795, 796, 799, 800, 802, 805], "summary": {"covered_lines": 348, "num_statements": 393, "percent_covered": 88.54961832061069, "percent_covered_display": "89", "missing_lines": 45, "excluded_lines": 0}, "missing_lines": [44, 79, 108, 142, 175, 224, 262, 294, 345, 363, 364, 366, 367, 368, 369, 371, 375, 376, 378, 379, 380, 381, 383, 384, 385, 387, 415, 418, 456, 459, 494, 498, 499, 500, 503, 589, 592, 627, 630, 678, 681, 747, 750, 803, 806], "excluded_lines": []}, "quick_admin_test.py": {"executed_lines": [], "summary": {"covered_lines": 0, "num_statements": 23, "percent_covered": 0.0, "percent_covered_display": "0", "missing_lines": 23, "excluded_lines": 0}, "missing_lines": [2, 5, 6, 7, 10, 12, 13, 14, 16, 18, 20, 23, 28, 31, 42, 44, 45, 46, 47, 48, 50, 52, 53], "excluded_lines": []}, "remove_notifications.py": {"executed_lines": [], "summary": {"covered_lines": 0, "num_statements": 17, "percent_covered": 0.0, "percent_covered_display": "0", "missing_lines": 17, "excluded_lines": 0}, "missing_lines": [2, 6, 8, 11, 12, 15, 17, 29, 31, 43, 44, 47, 48, 50, 51, 52, 53], "excluded_lines": []}, "reset_gpio.py": {"executed_lines": [], "summary": {"covered_lines": 0, "num_statements": 58, "percent_covered": 0.0, "percent_covered_display": "0", "missing_lines": 58, "excluded_lines": 0}, "missing_lines": [2, 5, 6, 7, 8, 9, 11, 13, 15, 16, 17, 18, 19, 20, 22, 24, 26, 28, 29, 30, 31, 32, 33, 34, 35, 36, 39, 40, 41, 42, 43, 44, 45, 46, 49, 50, 52, 53, 55, 57, 59, 60, 61, 63, 64, 66, 67, 68, 70, 71, 73, 74, 76, 77, 79, 81, 83, 84], "excluded_lines": []}, "run_part11_migration.py": {"executed_lines": [], "summary": {"covered_lines": 0, "num_statements": 30, "percent_covered": 0.0, "percent_covered_display": "0", "missing_lines": 30, "excluded_lines": 0}, "missing_lines": [2, 5, 6, 9, 11, 12, 21, 23, 24, 25, 26, 27, 28, 31, 32, 34, 43, 44, 45, 46, 48, 49, 51, 52, 53, 54, 55, 57, 58, 59], "excluded_lines": []}, "setup_admin.py": {"executed_lines": [], "summary": {"covered_lines": 0, "num_statements": 15, "percent_covered": 0.0, "percent_covered_display": "0", "missing_lines": 15, "excluded_lines": 0}, "missing_lines": [2, 3, 4, 6, 7, 9, 10, 11, 12, 13, 14, 15, 16, 17, 19], "excluded_lines": []}, "simple_uptime_test.py": {"executed_lines": [], "summary": {"covered_lines": 0, "num_statements": 17, "percent_covered": 0.0, "percent_covered_display": "0", "missing_lines": 17, "excluded_lines": 0}, "missing_lines": [2, 4, 5, 6, 8, 9, 10, 11, 13, 14, 15, 16, 17, 18, 20, 22, 23], "excluded_lines": []}, "test_21cfr_compliance.py": {"executed_lines": [], "summary": {"covered_lines": 0, "num_statements": 274, "percent_covered": 0.0, "percent_covered_display": "0", "missing_lines": 274, "excluded_lines": 0}, "missing_lines": [6, 7, 8, 9, 10, 16, 19, 20, 21, 22, 23, 25, 27, 28, 30, 31, 32, 33, 35, 37, 38, 39, 41, 43, 44, 45, 47, 48, 50, 51, 58, 59, 60, 61, 63, 64, 70, 77, 78, 84, 90, 98, 99, 103, 104, 110, 111, 117, 118, 123, 125, 127, 128, 129, 131, 132, 134, 135, 142, 143, 144, 151, 152, 153, 159, 166, 167, 169, 170, 171, 173, 174, 180, 186, 193, 194, 196, 197, 203, 210, 211, 216, 218, 220, 221, 222, 224, 225, 227, 228, 229, 235, 242, 243, 245, 246, 248, 249, 250, 256, 262, 269, 270, 271, 277, 284, 285, 287, 288, 294, 295, 302, 303, 309, 310, 315, 317, 319, 320, 321, 323, 324, 326, 327, 328, 334, 342, 343, 350, 351, 356, 357, 363, 364, 371, 372, 373, 375, 382, 383, 387, 389, 390, 396, 403, 404, 409, 411, 413, 414, 415, 417, 418, 420, 421, 428, 429, 430, 431, 433, 434, 440, 447, 449, 453, 457, 464, 465, 466, 468, 469, 471, 472, 478, 484, 485, 490, 492, 494, 495, 496, 498, 499, 501, 502, 509, 510, 511, 512, 514, 515, 521, 529, 530, 537, 538, 539, 540, 542, 549, 550, 551, 557, 563, 564, 569, 571, 573, 574, 575, 577, 578, 580, 581, 582, 583, 589, 596, 598, 599, 604, 605, 612, 613, 614, 616, 617, 623, 630, 631, 632, 633, 635, 641, 648, 649, 654, 656, 658, 659, 660, 661, 662, 664, 665, 666, 667, 668, 669, 670, 673, 674, 675, 677, 678, 680, 681, 682, 684, 685, 686, 687, 688, 689, 691, 692, 693, 694, 696, 698, 701, 702, 703, 704], "excluded_lines": []}, "test_admin_settings.py": {"executed_lines": [], "summary": {"covered_lines": 0, "num_statements": 38, "percent_covered": 0.0, "percent_covered_display": "0", "missing_lines": 38, "excluded_lines": 0}, "missing_lines": [2, 5, 6, 9, 12, 15, 18, 19, 22, 29, 31, 32, 33, 36, 38, 40, 41, 42, 43, 44, 46, 47, 48, 49, 50, 52, 53, 54, 55, 56, 58, 60, 61, 62, 63, 64, 66, 67], "excluded_lines": []}, "test_api.py": {"executed_lines": [], "summary": {"covered_lines": 0, "num_statements": 15, "percent_covered": 0.0, "percent_covered_display": "0", "missing_lines": 15, "excluded_lines": 0}, "missing_lines": [1, 2, 4, 5, 8, 9, 10, 11, 12, 13, 14, 15, 16, 18, 19], "excluded_lines": []}, "test_audio_alarm.py": {"executed_lines": [], "summary": {"covered_lines": 0, "num_statements": 19, "percent_covered": 0.0, "percent_covered_display": "0", "missing_lines": 19, "excluded_lines": 0}, "missing_lines": [2, 4, 5, 7, 8, 9, 11, 12, 14, 15, 16, 17, 18, 19, 20, 21, 23, 25, 26], "excluded_lines": []}, "test_audio_complete.py": {"executed_lines": [], "summary": {"covered_lines": 0, "num_statements": 69, "percent_covered": 0.0, "percent_covered_display": "0", "missing_lines": 69, "excluded_lines": 0}, "missing_lines": [2, 3, 4, 5, 6, 8, 9, 10, 11, 14, 15, 16, 17, 19, 20, 21, 23, 24, 27, 28, 29, 32, 33, 34, 35, 36, 38, 44, 46, 47, 49, 50, 51, 53, 54, 55, 58, 59, 60, 61, 62, 63, 64, 67, 68, 70, 71, 72, 73, 75, 76, 78, 79, 80, 81, 82, 84, 85, 87, 88, 89, 91, 92, 93, 95, 96, 97, 99, 100], "excluded_lines": []}, "test_audio_delay.py": {"executed_lines": [], "summary": {"covered_lines": 0, "num_statements": 48, "percent_covered": 0.0, "percent_covered_display": "0", "missing_lines": 48, "excluded_lines": 0}, "missing_lines": [2, 5, 6, 7, 8, 11, 12, 15, 17, 18, 19, 20, 22, 23, 24, 27, 28, 29, 30, 31, 33, 34, 35, 36, 37, 38, 41, 42, 43, 44, 45, 46, 48, 49, 50, 51, 52, 53, 54, 55, 57, 58, 59, 61, 62, 63, 64, 65], "excluded_lines": []}, "test_audio_improvements.py": {"executed_lines": [], "summary": {"covered_lines": 0, "num_statements": 40, "percent_covered": 0.0, "percent_covered_display": "0", "missing_lines": 40, "excluded_lines": 0}, "missing_lines": [2, 5, 6, 7, 9, 11, 13, 14, 15, 18, 19, 20, 22, 23, 26, 27, 33, 34, 35, 36, 37, 38, 39, 40, 42, 43, 44, 45, 46, 48, 49, 50, 51, 52, 54, 55, 56, 57, 59, 60], "excluded_lines": []}, "test_audio_manual.py": {"executed_lines": [], "summary": {"covered_lines": 0, "num_statements": 42, "percent_covered": 0.0, "percent_covered_display": "0", "missing_lines": 42, "excluded_lines": 0}, "missing_lines": [2, 5, 6, 7, 8, 9, 11, 14, 15, 18, 19, 21, 22, 24, 25, 26, 28, 29, 31, 33, 34, 35, 37, 40, 41, 42, 44, 47, 48, 50, 51, 52, 54, 55, 57, 59, 60, 61, 62, 63, 65, 66], "excluded_lines": []}, "test_audio_quick.py": {"executed_lines": [], "summary": {"covered_lines": 0, "num_statements": 37, "percent_covered": 0.0, "percent_covered_display": "0", "missing_lines": 37, "excluded_lines": 0}, "missing_lines": [2, 5, 6, 7, 8, 10, 12, 13, 15, 17, 20, 21, 24, 30, 32, 33, 36, 37, 38, 39, 41, 42, 44, 45, 46, 48, 49, 50, 52, 53, 55, 56, 57, 58, 59, 61, 62], "excluded_lines": []}, "test_complete_hero.py": {"executed_lines": [], "summary": {"covered_lines": 0, "num_statements": 58, "percent_covered": 0.0, "percent_covered_display": "0", "missing_lines": 58, "excluded_lines": 0}, "missing_lines": [2, 3, 5, 6, 7, 9, 10, 13, 14, 15, 17, 18, 20, 21, 24, 25, 27, 28, 29, 30, 31, 32, 33, 34, 35, 37, 38, 39, 42, 45, 46, 47, 48, 49, 51, 52, 53, 54, 55, 56, 57, 59, 62, 63, 64, 65, 66, 68, 69, 70, 71, 72, 73, 74, 76, 77, 79, 80], "excluded_lines": []}, "test_complete_system.py": {"executed_lines": [], "summary": {"covered_lines": 0, "num_statements": 0, "percent_covered": 100.0, "percent_covered_display": "100", "missing_lines": 0, "excluded_lines": 0}, "missing_lines": [], "excluded_lines": []}, "test_email_report.py": {"executed_lines": [], "summary": {"covered_lines": 0, "num_statements": 97, "percent_covered": 0.0, "percent_covered_display": "0", "missing_lines": 97, "excluded_lines": 0}, "missing_lines": [2, 5, 6, 9, 11, 12, 14, 17, 19, 20, 21, 22, 23, 25, 26, 27, 28, 31, 33, 34, 35, 36, 38, 39, 40, 41, 42, 43, 45, 48, 49, 50, 53, 56, 57, 58, 59, 60, 61, 62, 63, 64, 65, 67, 68, 70, 71, 74, 75, 76, 77, 79, 86, 87, 88, 90, 91, 94, 95, 102, 103, 104, 105, 106, 107, 108, 109, 110, 111, 112, 113, 114, 116, 117, 118, 119, 120, 121, 122, 123, 124, 125, 126, 127, 129, 130, 131, 132, 133, 134, 136, 137, 138, 139, 140, 141, 143], "excluded_lines": []}, "test_event.py": {"executed_lines": [], "summary": {"covered_lines": 0, "num_statements": 9, "percent_covered": 0.0, "percent_covered_display": "0", "missing_lines": 9, "excluded_lines": 0}, "missing_lines": [1, 2, 3, 5, 6, 9, 10, 11, 12], "excluded_lines": []}, "test_full_alarm.py": {"executed_lines": [], "summary": {"covered_lines": 0, "num_statements": 85, "percent_covered": 0.0, "percent_covered_display": "0", "missing_lines": 85, "excluded_lines": 0}, "missing_lines": [2, 3, 4, 5, 6, 7, 8, 11, 12, 15, 16, 17, 20, 21, 22, 23, 24, 26, 27, 28, 29, 30, 31, 32, 33, 34, 36, 39, 40, 41, 42, 44, 45, 47, 48, 50, 51, 52, 53, 54, 56, 57, 59, 61, 62, 63, 64, 66, 69, 71, 72, 74, 75, 76, 77, 79, 80, 82, 83, 85, 86, 88, 89, 91, 94, 95, 96, 98, 99, 101, 102, 104, 105, 107, 109, 110, 112, 114, 116, 117, 118, 119, 120, 121, 122], "excluded_lines": []}, "test_hero_autorefresh.py": {"executed_lines": [], "summary": {"covered_lines": 0, "num_statements": 22, "percent_covered": 0.0, "percent_covered_display": "0", "missing_lines": 22, "excluded_lines": 0}, "missing_lines": [2, 3, 5, 6, 8, 11, 12, 13, 15, 16, 19, 21, 22, 25, 28, 29, 32, 33, 34, 35, 37, 39], "excluded_lines": []}, "test_hero_door_status.py": {"executed_lines": [], "summary": {"covered_lines": 0, "num_statements": 0, "percent_covered": 100.0, "percent_covered_display": "100", "missing_lines": 0, "excluded_lines": 0}, "missing_lines": [], "excluded_lines": []}, "test_hero_status.py": {"executed_lines": [], "summary": {"covered_lines": 0, "num_statements": 11, "percent_covered": 0.0, "percent_covered_display": "0", "missing_lines": 11, "excluded_lines": 0}, "missing_lines": [2, 3, 5, 6, 9, 10, 11, 12, 13, 14, 16], "excluded_lines": []}, "test_hooter.py": {"executed_lines": [], "summary": {"covered_lines": 0, "num_statements": 40, "percent_covered": 0.0, "percent_covered_display": "0", "missing_lines": 40, "excluded_lines": 0}, "missing_lines": [2, 7, 8, 9, 12, 14, 16, 18, 20, 21, 23, 24, 25, 26, 27, 28, 29, 30, 31, 34, 35, 36, 38, 39, 40, 42, 43, 45, 47, 48, 50, 51, 52, 53, 54, 56, 57, 58, 61, 63], "excluded_lines": []}, "test_led_blinking.py": {"executed_lines": [], "summary": {"covered_lines": 0, "num_statements": 0, "percent_covered": 100.0, "percent_covered_display": "100", "missing_lines": 0, "excluded_lines": 0}, "missing_lines": [], "excluded_lines": []}, "test_led_summary.py": {"executed_lines": [], "summary": {"covered_lines": 0, "num_statements": 23, "percent_covered": 0.0, "percent_covered_display": "0", "missing_lines": 23, "excluded_lines": 0}, "missing_lines": [2, 6, 7, 8, 9, 12, 13, 14, 16, 17, 18, 19, 20, 21, 22, 23, 24, 25, 26, 27, 28, 29, 30], "excluded_lines": []}, "test_login.py": {"executed_lines": [], "summary": {"covered_lines": 0, "num_statements": 14, "percent_covered": 0.0, "percent_covered_display": "0", "missing_lines": 14, "excluded_lines": 0}, "missing_lines": [1, 2, 4, 5, 6, 8, 9, 10, 12, 13, 14, 15, 16, 17], "excluded_lines": []}, "test_realtime_api.py": {"executed_lines": [], "summary": {"covered_lines": 0, "num_statements": 0, "percent_covered": 100.0, "percent_covered_display": "100", "missing_lines": 0, "excluded_lines": 0}, "missing_lines": [], "excluded_lines": []}, "test_realtime_dashboard.py": {"executed_lines": [], "summary": {"covered_lines": 0, "num_statements": 29, "percent_covered": 0.0, "percent_covered_display": "0", "missing_lines": 29, "excluded_lines": 0}, "missing_lines": [2, 6, 7, 8, 9, 11, 13, 14, 15, 17, 19, 20, 21, 23, 25, 26, 27, 29, 31, 32, 33, 35, 36, 37, 38, 39, 40, 42, 43], "excluded_lines": []}, "test_signatures.py": {"executed_lines": [], "summary": {"covered_lines": 0, "num_statements": 149, "percent_covered": 0.0, "percent_covered_display": "0", "missing_lines": 149, "excluded_lines": 0}, "missing_lines": [2, 7, 8, 9, 10, 12, 15, 16, 17, 18, 21, 23, 24, 25, 26, 27, 28, 29, 30, 32, 33, 34, 35, 38, 46, 47, 48, 49, 50, 51, 53, 54, 55, 56, 57, 58, 59, 60, 61, 62, 63, 64, 65, 66, 67, 68, 69, 70, 71, 72, 73, 74, 75, 76, 77, 79, 81, 84, 85, 86, 87, 88, 89, 92, 93, 95, 96, 99, 100, 101, 102, 104, 107, 108, 110, 112, 115, 116, 117, 118, 119, 120, 123, 124, 126, 129, 130, 131, 132, 133, 134, 135, 137, 138, 144, 145, 146, 158, 159, 160, 164, 165, 166, 170, 173, 174, 175, 176, 177, 180, 183, 186, 188, 189, 190, 191, 192, 193, 194, 195, 196, 197, 198, 199, 200, 201, 202, 203, 204, 205, 206, 207, 208, 209, 210, 211, 212, 213, 214, 215, 216, 217, 218, 219, 220, 221, 222, 224, 225], "excluded_lines": []}, "test_timer_fix.py": {"executed_lines": [], "summary": {"covered_lines": 0, "num_statements": 44, "percent_covered": 0.0, "percent_covered_display": "0", "missing_lines": 44, "excluded_lines": 0}, "missing_lines": [2, 5, 6, 7, 10, 11, 12, 13, 14, 15, 16, 17, 19, 20, 21, 23, 24, 26, 27, 30, 31, 34, 35, 38, 40, 42, 43, 44, 46, 47, 49, 50, 52, 54, 55, 56, 58, 59, 61, 62, 63, 65, 66, 68], "excluded_lines": []}, "test_timing.py": {"executed_lines": [], "summary": {"covered_lines": 0, "num_statements": 22, "percent_covered": 0.0, "percent_covered_display": "0", "missing_lines": 22, "excluded_lines": 0}, "missing_lines": [2, 5, 6, 7, 10, 12, 14, 16, 18, 19, 20, 23, 24, 25, 26, 27, 28, 30, 31, 32, 34, 35], "excluded_lines": []}, "test_uptime.py": {"executed_lines": [], "summary": {"covered_lines": 0, "num_statements": 46, "percent_covered": 0.0, "percent_covered_display": "0", "missing_lines": 46, "excluded_lines": 0}, "missing_lines": [2, 4, 5, 6, 8, 9, 10, 12, 15, 16, 18, 19, 22, 24, 25, 26, 28, 29, 30, 31, 32, 33, 34, 37, 38, 40, 41, 42, 43, 45, 46, 47, 48, 51, 52, 54, 56, 57, 58, 59, 60, 63, 65, 67, 69, 70], "excluded_lines": []}, "test_uptime_direct.py": {"executed_lines": [], "summary": {"covered_lines": 0, "num_statements": 0, "percent_covered": 100.0, "percent_covered_display": "100", "missing_lines": 0, "excluded_lines": 0}, "missing_lines": [], "excluded_lines": []}, "test_websocket_client.py": {"executed_lines": [], "summary": {"covered_lines": 0, "num_statements": 18, "percent_covered": 0.0, "percent_covered_display": "0", "missing_lines": 18, "excluded_lines": 0}, "missing_lines": [2, 3, 6, 8, 9, 10, 11, 14, 15, 17, 18, 19, 20, 22, 23, 24, 25, 26], "excluded_lines": []}, "test_white_led.py": {"executed_lines": [], "summary": {"covered_lines": 0, "num_statements": 82, "percent_covered": 0.0, "percent_covered_display": "0", "missing_lines": 82, "excluded_lines": 0}, "missing_lines": [2, 7, 8, 10, 11, 12, 13, 14, 15, 17, 20, 21, 22, 23, 26, 27, 29, 30, 31, 33, 34, 35, 38, 39, 41, 43, 44, 47, 48, 50, 52, 53, 54, 55, 56, 57, 58, 60, 61, 64, 65, 66, 67, 68, 70, 73, 74, 75, 76, 79, 85, 86, 87, 88, 90, 92, 93, 96, 97, 100, 101, 103, 106, 107, 109, 111, 113, 114, 117, 118, 119, 120, 121, 123, 124, 125, 127, 129, 130, 131, 132, 134], "excluded_lines": []}, "tests_integration.py": {"executed_lines": [], "summary": {"covered_lines": 0, "num_statements": 135, "percent_covered": 0.0, "percent_covered_display": "0", "missing_lines": 135, "excluded_lines": 0}, "missing_lines": [7, 8, 9, 10, 13, 14, 17, 19, 24, 25, 27, 29, 34, 35, 37, 39, 40, 42, 44, 45, 47, 49, 51, 53, 56, 57, 60, 62, 63, 64, 66, 68, 69, 71, 72, 73, 75, 77, 78, 80, 81, 83, 85, 86, 88, 90, 91, 94, 95, 98, 100, 101, 103, 105, 106, 108, 110, 118, 120, 123, 131, 134, 135, 138, 140, 141, 143, 145, 146, 148, 150, 156, 158, 160, 161, 162, 164, 166, 167, 168, 170, 172, 173, 174, 176, 178, 184, 190, 192, 194, 195, 198, 199, 202, 204, 205, 207, 209, 210, 212, 214, 220, 222, 224, 225, 228, 229, 232, 234, 236, 238, 240, 241, 243, 245, 246, 249, 250, 253, 256, 257, 259, 261, 263, 272, 274, 276, 286, 289, 290, 293, 296, 298, 301, 302], "excluded_lines": []}, "tests_security.py": {"executed_lines": [], "summary": {"covered_lines": 0, "num_statements": 158, "percent_covered": 0.0, "percent_covered_display": "0", "missing_lines": 158, "excluded_lines": 0}, "missing_lines": [7, 8, 9, 10, 13, 14, 15, 18, 20, 23, 24, 25, 27, 29, 31, 32, 35, 37, 39, 42, 43, 46, 47, 49, 52, 53, 59, 60, 63, 64, 65, 68, 71, 77, 79, 81, 83, 85, 86, 88, 90, 94, 95, 97, 99, 100, 103, 104, 108, 109, 111, 114, 119, 120, 123, 124, 127, 128, 129, 132, 135, 142, 144, 147, 154, 156, 163, 166, 167, 170, 172, 175, 176, 177, 178, 180, 181, 183, 185, 187, 192, 193, 196, 198, 200, 203, 204, 205, 206, 208, 209, 211, 214, 215, 218, 221, 227, 228, 231, 234, 240, 241, 243, 246, 251, 252, 253, 256, 262, 263, 266, 267, 269, 272, 273, 276, 277, 280, 281, 284, 287, 288, 291, 293, 296, 297, 302, 304, 307, 310, 313, 314, 317, 319, 320, 321, 324, 325, 327, 329, 333, 336, 337, 340, 343, 345, 347, 349, 353, 355, 357, 359, 362, 363, 365, 368, 371, 372], "excluded_lines": []}, "tests_unit.py": {"executed_lines": [1, 7, 8, 9, 10, 13, 14, 15, 16, 19, 20, 21, 23, 25, 30, 31, 32, 34, 35, 36, 37, 39, 41, 42, 44, 45, 46, 48, 50, 54, 55, 56, 58, 59, 60, 62, 64, 65, 66, 70, 71, 72, 73, 75, 77, 78, 79, 80, 81, 83, 86, 87, 90, 91, 92, 94, 96, 101, 102, 104, 105, 107, 109, 114, 115, 119, 121, 123, 124, 126, 128, 135, 136, 138, 139, 140, 143, 144, 145, 147, 149, 150, 151, 153, 155, 156, 157, 159, 160, 162, 164, 168, 169, 171, 172, 173, 176, 177, 178, 180, 183, 184, 185, 190, 192, 193, 199, 204, 206, 207, 209, 210, 211, 214, 215, 216, 218, 220, 227, 228, 229, 233, 235, 237, 240, 241, 246, 249, 254, 255, 258, 259, 262, 263, 264, 266, 268, 269, 270, 274, 275, 277, 279, 280, 284, 285, 289, 290, 291, 293, 295, 296, 297, 299, 301, 302, 303, 305, 306, 308, 310, 311, 312, 314, 315, 318], "summary": {"covered_lines": 158, "num_statements": 170, "percent_covered": 92.94117647058823, "percent_covered_display": "93", "missing_lines": 12, "excluded_lines": 0}, "missing_lines": [186, 188, 200, 202, 230, 232, 271, 273, 281, 282, 286, 319], "excluded_lines": []}, "train_ai.py": {"executed_lines": [], "summary": {"covered_lines": 0, "num_statements": 0, "percent_covered": 100.0, "percent_covered_display": "100", "missing_lines": 0, "excluded_lines": 0}, "missing_lines": [], "excluded_lines": []}, "trigger_scheduler.py": {"executed_lines": [], "summary": {"covered_lines": 0, "num_statements": 157, "percent_covered": 0.0, "percent_covered_display": "0", "missing_lines": 157, "excluded_lines": 0}, "missing_lines": [2, 4, 5, 8, 10, 11, 12, 13, 14, 15, 16, 17, 20, 21, 22, 23, 24, 25, 27, 29, 31, 32, 34, 35, 36, 38, 40, 41, 47, 48, 51, 58, 59, 60, 63, 69, 70, 76, 77, 80, 81, 82, 84, 85, 91, 92, 100, 102, 103, 105, 106, 108, 109, 110, 111, 112, 114, 116, 117, 118, 119, 120, 122, 123, 125, 126, 127, 128, 130, 143, 146, 147, 148, 152, 153, 156, 157, 158, 159, 161, 162, 163, 165, 166, 168, 169, 170, 171, 172, 173, 174, 175, 177, 179, 181, 182, 184, 185, 188, 193, 194, 197, 201, 202, 203, 204, 205, 207, 209, 210, 211, 212, 213, 215, 217, 218, 219, 220, 221, 222, 223, 224, 225, 227, 228, 230, 233, 234, 237, 239, 240, 241, 244, 246, 248, 251, 252, 255, 256, 257, 258, 259, 260, 262, 264, 266, 267, 268, 270, 271, 272, 273, 274, 276, 277, 279, 280], "excluded_lines": []}, "update_ssl_logic.py": {"executed_lines": [], "summary": {"covered_lines": 0, "num_statements": 29, "percent_covered": 0.0, "percent_covered_display": "0", "missing_lines": 29, "excluded_lines": 0}, "missing_lines": [2, 5, 6, 10, 11, 12, 13, 14, 15, 16, 17, 18, 19, 20, 22, 23, 24, 25, 26, 27, 28, 29, 31, 34, 35, 37, 38, 39, 40], "excluded_lines": []}, "validation_pdf_templates.py": {"executed_lines": [], "summary": {"covered_lines": 0, "num_statements": 178, "percent_covered": 0.0, "percent_covered_display": "0", "missing_lines": 178, "excluded_lines": 0}, "missing_lines": [6, 7, 8, 9, 10, 11, 12, 13, 16, 28, 29, 34, 35, 38, 48, 59, 60, 61, 64, 74, 75, 89, 90, 93, 94, 100, 101, 110, 111, 114, 115, 116, 123, 130, 131, 140, 141, 144, 145, 150, 151, 154, 155, 160, 161, 164, 165, 176, 177, 190, 191, 194, 195, 205, 206, 219, 220, 223, 224, 233, 234, 247, 248, 251, 252, 257, 258, 261, 262, 269, 270, 283, 286, 287, 292, 295, 296, 297, 300, 302, 303, 307, 308, 310, 320, 331, 332, 333, 336, 345, 346, 356, 357, 360, 361, 365, 366, 369, 370, 374, 375, 378, 379, 393, 394, 407, 408, 411, 412, 422, 423, 436, 437, 440, 441, 446, 447, 450, 451, 458, 459, 472, 475, 476, 477, 480, 482, 483, 487, 488, 490, 500, 511, 512, 513, 516, 525, 526, 536, 537, 540, 541, 545, 546, 549, 550, 555, 556, 559, 560, 567, 568, 577, 578, 581, 582, 594, 595, 608, 609, 612, 613, 622, 623, 636, 637, 640, 641, 646, 647, 650, 651, 658, 659, 672, 675, 676, 677], "excluded_lines": []}, "verify_part11.py": {"executed_lines": [], "summary": {"covered_lines": 0, "num_statements": 86, "percent_covered": 0.0, "percent_covered_display": "0", "missing_lines": 86, "excluded_lines": 0}, "missing_lines": [2, 5, 6, 10, 12, 15, 16, 17, 18, 19, 22, 23, 25, 34, 35, 36, 37, 38, 40, 41, 43, 44, 45, 47, 48, 49, 52, 53, 55, 57, 58, 59, 60, 62, 63, 66, 75, 78, 87, 90, 98, 99, 102, 114, 117, 127, 130, 140, 141, 143, 144, 145, 146, 147, 150, 151, 152, 172, 173, 174, 175, 176, 178, 179, 180, 181, 184, 185, 186, 187, 188, 189, 190, 191, 192, 193, 194, 195, 196, 197, 198, 200, 202, 203, 204, 205], "excluded_lines": []}, "verify_setup.py": {"executed_lines": [], "summary": {"covered_lines": 0, "num_statements": 47, "percent_covered": 0.0, "percent_covered_display": "0", "missing_lines": 47, "excluded_lines": 0}, "missing_lines": [2, 3, 4, 6, 7, 8, 10, 11, 12, 15, 16, 17, 18, 19, 20, 23, 24, 25, 26, 27, 28, 31, 32, 33, 34, 35, 36, 37, 39, 42, 43, 44, 45, 46, 49, 50, 51, 52, 53, 54, 56, 57, 58, 59, 60, 61, 63], "excluded_lines": []}}, "totals": {"covered_lines": 1226, "num_statements": 9498, "percent_covered": 12.907980627500526, "percent_covered_display": "13", "missing_lines": 8272, "excluded_lines": 0}}